<?xml version="1.0" encoding="UTF-8"?>
<!-- Generated by org.testng.reporters.JUnitReportReporter -->
<testsuite hostname="DESKTOP-S7CST43" failures="0" tests="2" name="tests.GetAndPostExamples" time="3.805" errors="0" timestamp="2024-10-15T02:13:22 EDT" skipped="0">
  <testcase classname="tests.GetAndPostExamples" name="testGet" time="3.450"/>
  <testcase classname="tests.GetAndPostExamples" name="testPost" time="0.355"/>
</testsuite> <!-- tests.GetAndPostExamples -->
