<?xml version="1.0" encoding="UTF-8"?>
<!-- Generated by org.testng.reporters.JUnitReportReporter -->
<testsuite hostname="DESKTOP-S7CST43" failures="0" tests="2" name="tests.TestsExamples" time="3.352" errors="0" timestamp="2024-10-15T00:57:30 EDT" skipped="0">
  <testcase classname="tests.TestsExamples" name="test_2" time="1.125"/>
  <testcase classname="tests.TestsExamples" name="test_1" time="2.227"/>
</testsuite> <!-- tests.TestsExamples -->
